CPU 0 is empty
CPU 2 is empty
CPU 4 is empty
CPU 5 is empty
CPU 9 is empty
CPU 10 is empty
CPU 11 is empty
CPU 12 is empty
CPU 13 is empty
CPU 14 is empty
cpus=16
            sshd-12847 [008] 22264.313656: net_dev_start_xmit:   dev=eno1 queue_mapping=8 skbaddr=0xffff9d37f7f49ae8 vlan_tagged=0 vlan_proto=0x0000 vlan_tci=0x0000 protocol=0x0800 ip_summed=3 len=134 data_len=0 network_offset=14 transport_offset_valid=1 transport_offset=34 tx_flags=0 gso_size=0 gso_segs=1 gso_type=0x1
            sshd-12847 [008] 22264.314402: net_dev_start_xmit:   dev=eno1 queue_mapping=8 skbaddr=0xffff9d37f7f48ce8 vlan_tagged=0 vlan_proto=0x0000 vlan_tci=0x0000 protocol=0x0800 ip_summed=3 len=326 data_len=260 network_offset=14 transport_offset_valid=1 transport_offset=34 tx_flags=0 gso_size=0 gso_segs=1 gso_type=0x1
          <idle>-0     [008] 22264.369415: netif_receive_skb:    dev=eno1 skbaddr=0xffff9d37fedadb00 len=52
          <idle>-0     [008] 22264.369443: netif_receive_skb:    dev=eno1 skbaddr=0xffff9d37fedadb00 len=52
          <idle>-0     [001] 22265.216603: netif_receive_skb:    dev=eno1 skbaddr=0xffff9d37ec017800 len=105
          <idle>-0     [006] 22265.513758: netif_receive_skb:    dev=eno1d1 skbaddr=0xffff9d37d63d7900 len=60
          <idle>-0     [006] 22265.513841: net_dev_start_xmit:   dev=eth0 queue_mapping=0 skbaddr=0xffff9d37d63d7d00 vlan_tagged=0 vlan_proto=0x0000 vlan_tci=0x0000 protocol=0x0800 ip_summed=3 len=74 data_len=0 network_offset=14 transport_offset_valid=1 transport_offset=34 tx_flags=0 gso_size=0 gso_segs=0 gso_type=0
          <idle>-0     [006] 22265.513845: net_dev_start_xmit:   dev=eno1d1 queue_mapping=6 skbaddr=0xffff9d37d63d7d00 vlan_tagged=0 vlan_proto=0x0000 vlan_tci=0x0000 protocol=0x0800 ip_summed=3 len=74 data_len=0 network_offset=14 transport_offset_valid=1 transport_offset=34 tx_flags=0 gso_size=0 gso_segs=0 gso_type=0
          <idle>-0     [006] 22265.513970: netif_receive_skb:    dev=eno1d1 skbaddr=0xffff9d37d63d7900 len=52
          owampd-17167 [007] 22265.515105: net_dev_start_xmit:   dev=eth0 queue_mapping=0 skbaddr=0xffff9d37ec5ea4e8 vlan_tagged=0 vlan_proto=0x0000 vlan_tci=0x0000 protocol=0x0800 ip_summed=3 len=130 data_len=0 network_offset=14 transport_offset_valid=1 transport_offset=34 tx_flags=0 gso_size=0 gso_segs=1 gso_type=0x1
          owampd-17167 [007] 22265.515120: net_dev_start_xmit:   dev=eno1d1 queue_mapping=7 skbaddr=0xffff9d37ec5ea4e8 vlan_tagged=0 vlan_proto=0x0000 vlan_tci=0x0000 protocol=0x0800 ip_summed=3 len=130 data_len=0 network_offset=14 transport_offset_valid=1 transport_offset=34 tx_flags=0 gso_size=0 gso_segs=1 gso_type=0x1
          <idle>-0     [006] 22265.515253: netif_receive_skb:    dev=eno1d1 skbaddr=0xffff9d37d63d7900 len=52
          <idle>-0     [006] 22265.515453: netif_receive_skb:    dev=eno1d1 skbaddr=0xffff9d37d63d7900 len=216
          <idle>-0     [006] 22265.515471: net_dev_start_xmit:   dev=eth0 queue_mapping=0 skbaddr=0xffff9d37d63d7f00 vlan_tagged=0 vlan_proto=0x0000 vlan_tci=0x0000 protocol=0x0800 ip_summed=3 len=66 data_len=0 network_offset=14 transport_offset_valid=1 transport_offset=34 tx_flags=0 gso_size=0 gso_segs=1 gso_type=0x1
          <idle>-0     [006] 22265.515475: net_dev_start_xmit:   dev=eno1d1 queue_mapping=6 skbaddr=0xffff9d37d63d7f00 vlan_tagged=0 vlan_proto=0x0000 vlan_tci=0x0000 protocol=0x0800 ip_summed=3 len=66 data_len=0 network_offset=14 transport_offset_valid=1 transport_offset=34 tx_flags=0 gso_size=0 gso_segs=1 gso_type=0x1
          owampd-17167 [006] 22265.515699: net_dev_start_xmit:   dev=eth0 queue_mapping=0 skbaddr=0xffff9d37c5d3e8e8 vlan_tagged=0 vlan_proto=0x0000 vlan_tci=0x0000 protocol=0x0800 ip_summed=3 len=98 data_len=0 network_offset=14 transport_offset_valid=1 transport_offset=34 tx_flags=0 gso_size=0 gso_segs=1 gso_type=0x1
          owampd-17167 [006] 22265.515702: net_dev_start_xmit:   dev=eno1d1 queue_mapping=6 skbaddr=0xffff9d37c5d3e8e8 vlan_tagged=0 vlan_proto=0x0000 vlan_tci=0x0000 protocol=0x0800 ip_summed=3 len=98 data_len=0 network_offset=14 transport_offset_valid=1 transport_offset=34 tx_flags=0 gso_size=0 gso_segs=1 gso_type=0x1
          <idle>-0     [006] 22265.558949: netif_receive_skb:    dev=eno1d1 skbaddr=0xffff9d37d63d7900 len=52
          <idle>-0     [006] 22265.558983: net_dev_start_xmit:   dev=eth0 queue_mapping=0 skbaddr=0xffff9d37c5d3e6e8 vlan_tagged=0 vlan_proto=0x0000 vlan_tci=0x0000 protocol=0x0800 ip_summed=3 len=82 data_len=16 network_offset=14 transport_offset_valid=1 transport_offset=34 tx_flags=0 gso_size=0 gso_segs=1 gso_type=0x1
          <idle>-0     [006] 22265.558987: net_dev_start_xmit:   dev=eno1d1 queue_mapping=6 skbaddr=0xffff9d37c5d3e6e8 vlan_tagged=0 vlan_proto=0x0000 vlan_tci=0x0000 protocol=0x0800 ip_summed=3 len=82 data_len=16 network_offset=14 transport_offset_valid=1 transport_offset=34 tx_flags=0 gso_size=0 gso_segs=1 gso_type=0x1
          <idle>-0     [006] 22265.559026: netif_receive_skb:    dev=eno1d1 skbaddr=0xffff9d37d63d7900 len=52
          <idle>-0     [006] 22265.560095: netif_receive_skb:    dev=eno1d1 skbaddr=0xffff9d37d63d7900 len=164
          <idle>-0     [006] 22265.603720: net_dev_start_xmit:   dev=eth0 queue_mapping=0 skbaddr=0xffff9d37d63d7900 vlan_tagged=0 vlan_proto=0x0000 vlan_tci=0x0000 protocol=0x0800 ip_summed=3 len=66 data_len=0 network_offset=14 transport_offset_valid=1 transport_offset=34 tx_flags=0 gso_size=0 gso_segs=1 gso_type=0x1
          <idle>-0     [006] 22265.603724: net_dev_start_xmit:   dev=eno1d1 queue_mapping=6 skbaddr=0xffff9d37d63d7900 vlan_tagged=0 vlan_proto=0x0000 vlan_tci=0x0000 protocol=0x0800 ip_summed=3 len=66 data_len=0 network_offset=14 transport_offset_valid=1 transport_offset=34 tx_flags=0 gso_size=0 gso_segs=1 gso_type=0x1
          <idle>-0     [006] 22265.603868: netif_receive_skb:    dev=eno1d1 skbaddr=0xffff9d37d63d6d00 len=84
          <idle>-0     [006] 22265.603885: net_dev_start_xmit:   dev=eth0 queue_mapping=0 skbaddr=0xffff9d37d63d7300 vlan_tagged=0 vlan_proto=0x0000 vlan_tci=0x0000 protocol=0x0800 ip_summed=3 len=66 data_len=0 network_offset=14 transport_offset_valid=1 transport_offset=34 tx_flags=0 gso_size=0 gso_segs=1 gso_type=0x1
          <idle>-0     [006] 22265.603886: net_dev_start_xmit:   dev=eno1d1 queue_mapping=6 skbaddr=0xffff9d37d63d7300 vlan_tagged=0 vlan_proto=0x0000 vlan_tci=0x0000 protocol=0x0800 ip_summed=3 len=66 data_len=0 network_offset=14 transport_offset_valid=1 transport_offset=34 tx_flags=0 gso_size=0 gso_segs=1 gso_type=0x1
          owampd-17167 [006] 22265.604704: net_dev_start_xmit:   dev=eth0 queue_mapping=0 skbaddr=0xffff9d37c5d3e8e8 vlan_tagged=0 vlan_proto=0x0000 vlan_tci=0x0000 protocol=0x0800 ip_summed=3 len=114 data_len=0 network_offset=14 transport_offset_valid=1 transport_offset=34 tx_flags=0 gso_size=0 gso_segs=1 gso_type=0x1
          owampd-17167 [006] 22265.604707: net_dev_start_xmit:   dev=eno1d1 queue_mapping=6 skbaddr=0xffff9d37c5d3e8e8 vlan_tagged=0 vlan_proto=0x0000 vlan_tci=0x0000 protocol=0x0800 ip_summed=3 len=114 data_len=0 network_offset=14 transport_offset_valid=1 transport_offset=34 tx_flags=0 gso_size=0 gso_segs=1 gso_type=0x1
          <idle>-0     [006] 22265.606374: netif_receive_skb:    dev=eno1d1 skbaddr=0xffff9d37d63d6d00 len=164
          <idle>-0     [006] 22265.647679: net_dev_start_xmit:   dev=eth0 queue_mapping=0 skbaddr=0xffff9d37d63d6d00 vlan_tagged=0 vlan_proto=0x0000 vlan_tci=0x0000 protocol=0x0800 ip_summed=3 len=66 data_len=0 network_offset=14 transport_offset_valid=1 transport_offset=34 tx_flags=0 gso_size=0 gso_segs=1 gso_type=0x1
          <idle>-0     [006] 22265.647683: net_dev_start_xmit:   dev=eno1d1 queue_mapping=6 skbaddr=0xffff9d37d63d6d00 vlan_tagged=0 vlan_proto=0x0000 vlan_tci=0x0000 protocol=0x0800 ip_summed=3 len=66 data_len=0 network_offset=14 transport_offset_valid=1 transport_offset=34 tx_flags=0 gso_size=0 gso_segs=1 gso_type=0x1
          <idle>-0     [006] 22265.647781: netif_receive_skb:    dev=eno1d1 skbaddr=0xffff9d37d63d6700 len=84
          <idle>-0     [006] 22265.647798: net_dev_start_xmit:   dev=eth0 queue_mapping=0 skbaddr=0xffff9d37d63d6100 vlan_tagged=0 vlan_proto=0x0000 vlan_tci=0x0000 protocol=0x0800 ip_summed=3 len=66 data_len=0 network_offset=14 transport_offset_valid=1 transport_offset=34 tx_flags=0 gso_size=0 gso_segs=1 gso_type=0x1
          <idle>-0     [006] 22265.647799: net_dev_start_xmit:   dev=eno1d1 queue_mapping=6 skbaddr=0xffff9d37d63d6100 vlan_tagged=0 vlan_proto=0x0000 vlan_tci=0x0000 protocol=0x0800 ip_summed=3 len=66 data_len=0 network_offset=14 transport_offset_valid=1 transport_offset=34 tx_flags=0 gso_size=0 gso_segs=1 gso_type=0x1
          owampd-17167 [006] 22265.648380: net_dev_start_xmit:   dev=eth0 queue_mapping=0 skbaddr=0xffff9d37c5d3e8e8 vlan_tagged=0 vlan_proto=0x0000 vlan_tci=0x0000 protocol=0x0800 ip_summed=3 len=114 data_len=0 network_offset=14 transport_offset_valid=1 transport_offset=34 tx_flags=0 gso_size=0 gso_segs=1 gso_type=0x1
          owampd-17167 [006] 22265.648383: net_dev_start_xmit:   dev=eno1d1 queue_mapping=6 skbaddr=0xffff9d37c5d3e8e8 vlan_tagged=0 vlan_proto=0x0000 vlan_tci=0x0000 protocol=0x0800 ip_summed=3 len=114 data_len=0 network_offset=14 transport_offset_valid=1 transport_offset=34 tx_flags=0 gso_size=0 gso_segs=1 gso_type=0x1
          <idle>-0     [006] 22265.648872: netif_receive_skb:    dev=eno1d1 skbaddr=0xffff9d37d63d6700 len=84
          owampd-17167 [006] 22265.648991: net_dev_start_xmit:   dev=eth0 queue_mapping=0 skbaddr=0xffff9d37c5d3e8e8 vlan_tagged=0 vlan_proto=0x0000 vlan_tci=0x0000 protocol=0x0800 ip_summed=3 len=98 data_len=0 network_offset=14 transport_offset_valid=1 transport_offset=34 tx_flags=0 gso_size=0 gso_segs=1 gso_type=0x1
          owampd-17167 [006] 22265.648995: net_dev_start_xmit:   dev=eno1d1 queue_mapping=6 skbaddr=0xffff9d37c5d3e8e8 vlan_tagged=0 vlan_proto=0x0000 vlan_tci=0x0000 protocol=0x0800 ip_summed=3 len=98 data_len=0 network_offset=14 transport_offset_valid=1 transport_offset=34 tx_flags=0 gso_size=0 gso_segs=1 gso_type=0x1
          <idle>-0     [006] 22265.690957: netif_receive_skb:    dev=eno1d1 skbaddr=0xffff9d37d63d6700 len=52
          <idle>-0     [001] 22266.036052: netif_receive_skb:    dev=eno1 skbaddr=0xffff9d37ec017800 len=46
          <idle>-0     [001] 22266.851337: netif_receive_skb:    dev=eno1 skbaddr=0xffff9d37ec017800 len=46
          <idle>-0     [001] 22266.935912: netif_receive_skb:    dev=eno1 skbaddr=0xffff9d37ec017800 len=46
          <idle>-0     [001] 22267.208509: netif_receive_skb:    dev=eno1 skbaddr=0xffff9d37ec017800 len=46
          <idle>-0     [001] 22267.216596: netif_receive_skb:    dev=eno1 skbaddr=0xffff9d37ec017800 len=105
          <idle>-0     [001] 22267.454494: netif_receive_skb:    dev=eno1 skbaddr=0xffff9d37ec017800 len=46
          <idle>-0     [001] 22267.522216: netif_receive_skb:    dev=eno1 skbaddr=0xffff9d37ec017800 len=46
          <idle>-0     [006] 22267.690216: netif_receive_skb:    dev=eno1d1 skbaddr=0xffff9d37d63d6700 len=46
          owampd-17169 [015] 22267.690296: net_dev_start_xmit:   dev=eth0 queue_mapping=0 skbaddr=0xffff9d37b4df0300 vlan_tagged=0 vlan_proto=0x0000 vlan_tci=0x0000 protocol=0x0800 ip_summed=3 len=56 data_len=0 network_offset=14 transport_offset_valid=1 transport_offset=34 tx_flags=0 gso_size=0 gso_segs=0 gso_type=0
          owampd-17169 [015] 22267.690313: net_dev_start_xmit:   dev=eno1d1 queue_mapping=15 skbaddr=0xffff9d37b4df0300 vlan_tagged=0 vlan_proto=0x0000 vlan_tci=0x0000 protocol=0x0800 ip_summed=3 len=56 data_len=0 network_offset=14 transport_offset_valid=1 transport_offset=34 tx_flags=0 gso_size=0 gso_segs=0 gso_type=0
          <idle>-0     [001] 22267.840786: netif_receive_skb:    dev=eno1 skbaddr=0xffff9d37ec017800 len=46
          <idle>-0     [006] 22268.690124: netif_receive_skb:    dev=eno1d1 skbaddr=0xffff9d37d63d6700 len=46
          owampd-17169 [015] 22268.690242: net_dev_start_xmit:   dev=eth0 queue_mapping=0 skbaddr=0xffff9d37b4df0600 vlan_tagged=0 vlan_proto=0x0000 vlan_tci=0x0000 protocol=0x0800 ip_summed=3 len=56 data_len=0 network_offset=14 transport_offset_valid=1 transport_offset=34 tx_flags=0 gso_size=0 gso_segs=0 gso_type=0
          owampd-17169 [015] 22268.690248: net_dev_start_xmit:   dev=eno1d1 queue_mapping=15 skbaddr=0xffff9d37b4df0600 vlan_tagged=0 vlan_proto=0x0000 vlan_tci=0x0000 protocol=0x0800 ip_summed=3 len=56 data_len=0 network_offset=14 transport_offset_valid=1 transport_offset=34 tx_flags=0 gso_size=0 gso_segs=0 gso_type=0
          <idle>-0     [001] 22269.014908: netif_receive_skb:    dev=eno1 skbaddr=0xffff9d37ec017800 len=46
          <idle>-0     [001] 22269.053898: netif_receive_skb:    dev=eno1 skbaddr=0xffff9d37ec017800 len=46
          <idle>-0     [001] 22269.054778: netif_receive_skb:    dev=eno1 skbaddr=0xffff9d37ec017800 len=46
          <idle>-0     [001] 22269.216569: netif_receive_skb:    dev=eno1 skbaddr=0xffff9d37ec017800 len=105
          <idle>-0     [001] 22269.399813: netif_receive_skb:    dev=eno1 skbaddr=0xffff9d37ec017800 len=46
          <idle>-0     [006] 22269.690115: netif_receive_skb:    dev=eno1d1 skbaddr=0xffff9d37d63d6700 len=46
          owampd-17169 [015] 22269.690228: net_dev_start_xmit:   dev=eth0 queue_mapping=0 skbaddr=0xffff9d37b4df0000 vlan_tagged=0 vlan_proto=0x0000 vlan_tci=0x0000 protocol=0x0800 ip_summed=3 len=56 data_len=0 network_offset=14 transport_offset_valid=1 transport_offset=34 tx_flags=0 gso_size=0 gso_segs=0 gso_type=0
          owampd-17169 [015] 22269.690235: net_dev_start_xmit:   dev=eno1d1 queue_mapping=15 skbaddr=0xffff9d37b4df0000 vlan_tagged=0 vlan_proto=0x0000 vlan_tci=0x0000 protocol=0x0800 ip_summed=3 len=56 data_len=0 network_offset=14 transport_offset_valid=1 transport_offset=34 tx_flags=0 gso_size=0 gso_segs=0 gso_type=0
          <idle>-0     [001] 22269.984073: netif_receive_skb:    dev=eno1 skbaddr=0xffff9d37ec017800 len=46
          <idle>-0     [006] 22270.690141: netif_receive_skb:    dev=eno1d1 skbaddr=0xffff9d37d63d6700 len=46
          owampd-17169 [015] 22270.690214: net_dev_start_xmit:   dev=eth0 queue_mapping=0 skbaddr=0xffff9d37b4df0d00 vlan_tagged=0 vlan_proto=0x0000 vlan_tci=0x0000 protocol=0x0800 ip_summed=3 len=56 data_len=0 network_offset=14 transport_offset_valid=1 transport_offset=34 tx_flags=0 gso_size=0 gso_segs=0 gso_type=0
          owampd-17169 [015] 22270.690221: net_dev_start_xmit:   dev=eno1d1 queue_mapping=15 skbaddr=0xffff9d37b4df0d00 vlan_tagged=0 vlan_proto=0x0000 vlan_tci=0x0000 protocol=0x0800 ip_summed=3 len=56 data_len=0 network_offset=14 transport_offset_valid=1 transport_offset=34 tx_flags=0 gso_size=0 gso_segs=0 gso_type=0
          <idle>-0     [001] 22271.165371: netif_receive_skb:    dev=eno1 skbaddr=0xffff9d37ec017800 len=330
          <idle>-0     [001] 22271.216594: netif_receive_skb:    dev=eno1 skbaddr=0xffff9d37ec017800 len=105
          <idle>-0     [006] 22271.690055: netif_receive_skb:    dev=eno1d1 skbaddr=0xffff9d37d63d6700 len=46
          owampd-17169 [015] 22271.690176: net_dev_start_xmit:   dev=eth0 queue_mapping=0 skbaddr=0xffff9d37b4df1900 vlan_tagged=0 vlan_proto=0x0000 vlan_tci=0x0000 protocol=0x0800 ip_summed=3 len=56 data_len=0 network_offset=14 transport_offset_valid=1 transport_offset=34 tx_flags=0 gso_size=0 gso_segs=0 gso_type=0
          owampd-17169 [015] 22271.690182: net_dev_start_xmit:   dev=eno1d1 queue_mapping=15 skbaddr=0xffff9d37b4df1900 vlan_tagged=0 vlan_proto=0x0000 vlan_tci=0x0000 protocol=0x0800 ip_summed=3 len=56 data_len=0 network_offset=14 transport_offset_valid=1 transport_offset=34 tx_flags=0 gso_size=0 gso_segs=0 gso_type=0
          <idle>-0     [001] 22272.062355: netif_receive_skb:    dev=eno1 skbaddr=0xffff9d37ec017800 len=46
          <idle>-0     [001] 22272.710942: netif_receive_skb:    dev=eno1 skbaddr=0xffff9d37ec017800 len=46
          <idle>-0     [001] 22272.776546: netif_receive_skb:    dev=eno1 skbaddr=0xffff9d37ec017800 len=46
          <idle>-0     [003] 22273.020816: netif_receive_skb:    dev=eno1 skbaddr=0xffff9d379b041800 len=321
          <idle>-0     [001] 22273.074305: netif_receive_skb:    dev=eno1 skbaddr=0xffff9d37ec017800 len=46
          <idle>-0     [001] 22273.205148: netif_receive_skb:    dev=eno1 skbaddr=0xffff9d37ec017800 len=46
          <idle>-0     [001] 22273.216504: netif_receive_skb:    dev=eno1 skbaddr=0xffff9d37ec017800 len=105
          <idle>-0     [003] 22273.258920: netif_receive_skb:    dev=eno1 skbaddr=0xffff9d379b041f00 len=321
          <idle>-0     [001] 22273.334281: netif_receive_skb:    dev=eno1 skbaddr=0xffff9d37ec017800 len=46
          <idle>-0     [001] 22273.397233: netif_receive_skb:    dev=eno1 skbaddr=0xffff9d37ec017800 len=46
          <idle>-0     [001] 22273.897060: netif_receive_skb:    dev=eno1 skbaddr=0xffff9d37ec017800 len=46
          <idle>-0     [001] 22274.431011: netif_receive_skb:    dev=eno1 skbaddr=0xffff9d37ec017800 len=46
          <idle>-0     [001] 22274.698581: netif_receive_skb:    dev=eno1 skbaddr=0xffff9d37ec017800 len=46
          owampd-17167 [008] 22274.734290: net_dev_start_xmit:   dev=eth0 queue_mapping=0 skbaddr=0xffff9d37f7f48ce8 vlan_tagged=0 vlan_proto=0x0000 vlan_tci=0x0000 protocol=0x0800 ip_summed=3 len=82 data_len=0 network_offset=14 transport_offset_valid=1 transport_offset=34 tx_flags=0 gso_size=0 gso_segs=1 gso_type=0x1
          owampd-17167 [008] 22274.734295: net_dev_start_xmit:   dev=eno1d1 queue_mapping=8 skbaddr=0xffff9d37f7f48ce8 vlan_tagged=0 vlan_proto=0x0000 vlan_tci=0x0000 protocol=0x0800 ip_summed=3 len=82 data_len=0 network_offset=14 transport_offset_valid=1 transport_offset=34 tx_flags=0 gso_size=0 gso_segs=1 gso_type=0x1
          <idle>-0     [006] 22274.734467: netif_receive_skb:    dev=eno1d1 skbaddr=0xffff9d37d63d6700 len=52
          <idle>-0     [006] 22274.734502: net_dev_start_xmit:   dev=eth0 queue_mapping=0 skbaddr=0xffff9d37f7f49ae8 vlan_tagged=0 vlan_proto=0x0000 vlan_tci=0x0000 protocol=0x0800 ip_summed=3 len=114 data_len=48 network_offset=14 transport_offset_valid=1 transport_offset=34 tx_flags=0 gso_size=0 gso_segs=1 gso_type=0x1
          <idle>-0     [006] 22274.734506: net_dev_start_xmit:   dev=eno1d1 queue_mapping=6 skbaddr=0xffff9d37f7f49ae8 vlan_tagged=0 vlan_proto=0x0000 vlan_tci=0x0000 protocol=0x0800 ip_summed=3 len=114 data_len=48 network_offset=14 transport_offset_valid=1 transport_offset=34 tx_flags=0 gso_size=0 gso_segs=1 gso_type=0x1
          <idle>-0     [006] 22274.734516: netif_receive_skb:    dev=eno1d1 skbaddr=0xffff9d37d63d6700 len=68
          <idle>-0     [006] 22274.774876: netif_receive_skb:    dev=eno1d1 skbaddr=0xffff9d37d63d6700 len=52
          <idle>-0     [006] 22274.775584: net_dev_start_xmit:   dev=eth0 queue_mapping=0 skbaddr=0xffff9d37d63d6700 vlan_tagged=0 vlan_proto=0x0000 vlan_tci=0x0000 protocol=0x0800 ip_summed=3 len=66 data_len=0 network_offset=14 transport_offset_valid=1 transport_offset=34 tx_flags=0 gso_size=0 gso_segs=1 gso_type=0x1
          <idle>-0     [006] 22274.775589: net_dev_start_xmit:   dev=eno1d1 queue_mapping=6 skbaddr=0xffff9d37d63d6700 vlan_tagged=0 vlan_proto=0x0000 vlan_tci=0x0000 protocol=0x0800 ip_summed=3 len=66 data_len=0 network_offset=14 transport_offset_valid=1 transport_offset=34 tx_flags=0 gso_size=0 gso_segs=1 gso_type=0x1
          <idle>-0     [006] 22274.775640: netif_receive_skb:    dev=eno1d1 skbaddr=0xffff9d37d63d7000 len=148
          <idle>-0     [006] 22274.775658: net_dev_start_xmit:   dev=eth0 queue_mapping=0 skbaddr=0xffff9d37d63d6f00 vlan_tagged=0 vlan_proto=0x0000 vlan_tci=0x0000 protocol=0x0800 ip_summed=3 len=66 data_len=0 network_offset=14 transport_offset_valid=1 transport_offset=34 tx_flags=0 gso_size=0 gso_segs=1 gso_type=0x1
          <idle>-0     [006] 22274.775660: net_dev_start_xmit:   dev=eno1d1 queue_mapping=6 skbaddr=0xffff9d37d63d6f00 vlan_tagged=0 vlan_proto=0x0000 vlan_tci=0x0000 protocol=0x0800 ip_summed=3 len=66 data_len=0 network_offset=14 transport_offset_valid=1 transport_offset=34 tx_flags=0 gso_size=0 gso_segs=1 gso_type=0x1
          owampd-17167 [006] 22274.781228: net_dev_start_xmit:   dev=eth0 queue_mapping=0 skbaddr=0xffff9d37c5d3e8e8 vlan_tagged=0 vlan_proto=0x0000 vlan_tci=0x0000 protocol=0x0800 ip_summed=3 len=98 data_len=0 network_offset=14 transport_offset_valid=1 transport_offset=34 tx_flags=0 gso_size=0 gso_segs=1 gso_type=0x1
          owampd-17167 [006] 22274.781232: net_dev_start_xmit:   dev=eno1d1 queue_mapping=6 skbaddr=0xffff9d37c5d3e8e8 vlan_tagged=0 vlan_proto=0x0000 vlan_tci=0x0000 protocol=0x0800 ip_summed=3 len=98 data_len=0 network_offset=14 transport_offset_valid=1 transport_offset=34 tx_flags=0 gso_size=0 gso_segs=1 gso_type=0x1
          <idle>-0     [006] 22274.781369: netif_receive_skb:    dev=eno1d1 skbaddr=0xffff9d37d63d7000 len=52
          <idle>-0     [006] 22274.781396: net_dev_start_xmit:   dev=eth0 queue_mapping=0 skbaddr=0xffff9d37c5d3dee8 vlan_tagged=0 vlan_proto=0x0000 vlan_tci=0x0000 protocol=0x0800 ip_summed=3 len=354 data_len=288 network_offset=14 transport_offset_valid=1 transport_offset=34 tx_flags=0 gso_size=0 gso_segs=1 gso_type=0x1
          <idle>-0     [006] 22274.781398: net_dev_start_xmit:   dev=eno1d1 queue_mapping=6 skbaddr=0xffff9d37c5d3dee8 vlan_tagged=0 vlan_proto=0x0000 vlan_tci=0x0000 protocol=0x0800 ip_summed=3 len=354 data_len=288 network_offset=14 transport_offset_valid=1 transport_offset=34 tx_flags=0 gso_size=0 gso_segs=1 gso_type=0x1
          <idle>-0     [006] 22274.781430: netif_receive_skb:    dev=eno1d1 skbaddr=0xffff9d37d63d7000 len=52
          owampd-17167 [006] 22274.781499: net_dev_start_xmit:   dev=eth0 queue_mapping=0 skbaddr=0xffff9d37c5d3dee8 vlan_tagged=0 vlan_proto=0x0000 vlan_tci=0x0000 protocol=0x0800 ip_summed=3 len=82 data_len=0 network_offset=14 transport_offset_valid=1 transport_offset=34 tx_flags=0 gso_size=0 gso_segs=1 gso_type=0x1
          owampd-17167 [006] 22274.781501: net_dev_start_xmit:   dev=eno1d1 queue_mapping=6 skbaddr=0xffff9d37c5d3dee8 vlan_tagged=0 vlan_proto=0x0000 vlan_tci=0x0000 protocol=0x0800 ip_summed=3 len=82 data_len=0 network_offset=14 transport_offset_valid=1 transport_offset=34 tx_flags=0 gso_size=0 gso_segs=1 gso_type=0x1
          <idle>-0     [006] 22274.781541: netif_receive_skb:    dev=eno1d1 skbaddr=0xffff9d37d63d7000 len=52
          <idle>-0     [006] 22274.784603: netif_receive_skb:    dev=eno1d1 skbaddr=0xffff9d37d63d7000 len=52
          owampd-17167 [006] 22274.784661: net_dev_start_xmit:   dev=eth0 queue_mapping=0 skbaddr=0xffff9d37c5d3dee8 vlan_tagged=0 vlan_proto=0x0000 vlan_tci=0x0000 protocol=0x0800 ip_summed=3 len=66 data_len=0 network_offset=14 transport_offset_valid=1 transport_offset=34 tx_flags=0 gso_size=0 gso_segs=1 gso_type=0x1
          owampd-17167 [006] 22274.784663: net_dev_start_xmit:   dev=eno1d1 queue_mapping=6 skbaddr=0xffff9d37c5d3dee8 vlan_tagged=0 vlan_proto=0x0000 vlan_tci=0x0000 protocol=0x0800 ip_summed=3 len=66 data_len=0 network_offset=14 transport_offset_valid=1 transport_offset=34 tx_flags=0 gso_size=0 gso_segs=1 gso_type=0x1
          owampd-17167 [006] 22274.784749: netif_receive_skb:    dev=eno1d1 skbaddr=0xffff9d37d63d7000 len=52
          <idle>-0     [001] 22275.012443: netif_receive_skb:    dev=eno1 skbaddr=0xffff9d37ec017800 len=46
          <idle>-0     [001] 22275.026980: netif_receive_skb:    dev=eno1 skbaddr=0xffff9d37ec017800 len=46
          <idle>-0     [001] 22275.131584: netif_receive_skb:    dev=eno1 skbaddr=0xffff9d37ec017800 len=46
          <idle>-0     [001] 22275.216490: netif_receive_skb:    dev=eno1 skbaddr=0xffff9d37ec017800 len=105
          <idle>-0     [001] 22275.345899: netif_receive_skb:    dev=eno1 skbaddr=0xffff9d37ec017800 len=46
          <idle>-0     [001] 22275.401875: netif_receive_skb:    dev=eno1 skbaddr=0xffff9d37ec017800 len=46
          <idle>-0     [001] 22276.412444: netif_receive_skb:    dev=eno1 skbaddr=0xffff9d37ec017800 len=46
          <idle>-0     [001] 22276.597336: netif_receive_skb:    dev=eno1 skbaddr=0xffff9d37ec017800 len=46
          <idle>-0     [001] 22276.779309: netif_receive_skb:    dev=eno1 skbaddr=0xffff9d37ec017800 len=46
          <idle>-0     [001] 22277.216395: netif_receive_skb:    dev=eno1 skbaddr=0xffff9d37ec017800 len=105
          <idle>-0     [003] 22277.425502: netif_receive_skb:    dev=eno1 skbaddr=0xffff9d379b041800 len=320
          <idle>-0     [001] 22277.622080: netif_receive_skb:    dev=eno1 skbaddr=0xffff9d37ec017800 len=46
          <idle>-0     [001] 22277.762570: netif_receive_skb:    dev=eno1 skbaddr=0xffff9d37ec017800 len=46
          <idle>-0     [001] 22278.862258: netif_receive_skb:    dev=eno1 skbaddr=0xffff9d37ec017800 len=46
          <idle>-0     [001] 22278.873526: netif_receive_skb:    dev=eno1 skbaddr=0xffff9d37ec017800 len=46
          <idle>-0     [001] 22279.216449: netif_receive_skb:    dev=eno1 skbaddr=0xffff9d37ec017800 len=105
          <idle>-0     [001] 22279.641615: netif_receive_skb:    dev=eno1 skbaddr=0xffff9d37ec017800 len=46
          <idle>-0     [008] 22279.791579: netif_receive_skb:    dev=eno1 skbaddr=0xffff9d37fedadb00 len=88
