CPU 2 is empty
CPU 4 is empty
CPU 5 is empty
CPU 6 is empty
CPU 10 is empty
CPU 11 is empty
CPU 12 is empty
CPU 13 is empty
cpus=16
            sshd-12847 [008] 22230.966794: net_dev_start_xmit:   dev=eno1 queue_mapping=8 skbaddr=0xffff9d37f7f48ce8 vlan_tagged=0 vlan_proto=0x0000 vlan_tci=0x0000 protocol=0x0800 ip_summed=3 len=134 data_len=0 network_offset=14 transport_offset_valid=1 transport_offset=34 tx_flags=0 gso_size=0 gso_segs=1 gso_type=0x1
            sshd-12847 [008] 22230.967595: net_dev_start_xmit:   dev=eno1 queue_mapping=8 skbaddr=0xffff9d37f7f4b2e8 vlan_tagged=0 vlan_proto=0x0000 vlan_tci=0x0000 protocol=0x0800 ip_summed=3 len=326 data_len=260 network_offset=14 transport_offset_valid=1 transport_offset=34 tx_flags=0 gso_size=0 gso_segs=1 gso_type=0x1
          <idle>-0     [008] 22231.021391: netif_receive_skb:    dev=eno1 skbaddr=0xffff9d37fedadf00 len=52
          <idle>-0     [008] 22231.027821: netif_receive_skb:    dev=eno1 skbaddr=0xffff9d37fedadf00 len=52
          <idle>-0     [001] 22231.217025: netif_receive_skb:    dev=eno1 skbaddr=0xffff9d37ec017800 len=105
          <idle>-0     [001] 22231.799527: netif_receive_skb:    dev=eno1 skbaddr=0xffff9d37ec017800 len=46
          <idle>-0     [001] 22232.349385: netif_receive_skb:    dev=eno1 skbaddr=0xffff9d37ec017800 len=46
          <idle>-0     [003] 22232.464191: netif_receive_skb:    dev=eno1 skbaddr=0xffff9d379b040b00 len=321
          <idle>-0     [003] 22232.484025: netif_receive_skb:    dev=eno1 skbaddr=0xffff9d379b040500 len=321
          <idle>-0     [001] 22233.216973: netif_receive_skb:    dev=eno1 skbaddr=0xffff9d37ec017800 len=105
          <idle>-0     [001] 22233.358261: netif_receive_skb:    dev=eno1 skbaddr=0xffff9d37ec017800 len=46
          <idle>-0     [015] 22233.364139: netif_receive_skb:    dev=eno1d1 skbaddr=0xffff9d37b4df1300 len=60
          <idle>-0     [015] 22233.364222: net_dev_start_xmit:   dev=eno1d1 queue_mapping=15 skbaddr=0xffff9d37b4df1c00 vlan_tagged=0 vlan_proto=0x0000 vlan_tci=0x0000 protocol=0x0800 ip_summed=3 len=74 data_len=0 network_offset=14 transport_offset_valid=1 transport_offset=34 tx_flags=0 gso_size=0 gso_segs=0 gso_type=0
          <idle>-0     [015] 22233.364350: netif_receive_skb:    dev=eno1d1 skbaddr=0xffff9d37b4df1300 len=52
          owampd-17145 [003] 22233.365490: net_dev_start_xmit:   dev=eno1d1 queue_mapping=3 skbaddr=0xffff9d37f60ceae8 vlan_tagged=0 vlan_proto=0x0000 vlan_tci=0x0000 protocol=0x0800 ip_summed=3 len=130 data_len=0 network_offset=14 transport_offset_valid=1 transport_offset=34 tx_flags=0 gso_size=0 gso_segs=1 gso_type=0x1
          <idle>-0     [015] 22233.365648: netif_receive_skb:    dev=eno1d1 skbaddr=0xffff9d37b4df1300 len=52
          <idle>-0     [015] 22233.365674: netif_receive_skb:    dev=eno1d1 skbaddr=0xffff9d37b4df1300 len=216
          <idle>-0     [015] 22233.365690: net_dev_start_xmit:   dev=eno1d1 queue_mapping=15 skbaddr=0xffff9d37b4df0c00 vlan_tagged=0 vlan_proto=0x0000 vlan_tci=0x0000 protocol=0x0800 ip_summed=3 len=66 data_len=0 network_offset=14 transport_offset_valid=1 transport_offset=34 tx_flags=0 gso_size=0 gso_segs=1 gso_type=0x1
          owampd-17145 [015] 22233.365887: net_dev_start_xmit:   dev=eno1d1 queue_mapping=15 skbaddr=0xffff9d37c5df9ce8 vlan_tagged=0 vlan_proto=0x0000 vlan_tci=0x0000 protocol=0x0800 ip_summed=3 len=98 data_len=0 network_offset=14 transport_offset_valid=1 transport_offset=34 tx_flags=0 gso_size=0 gso_segs=1 gso_type=0x1
          <idle>-0     [015] 22233.407420: netif_receive_skb:    dev=eno1d1 skbaddr=0xffff9d37b4df1300 len=52
          <idle>-0     [015] 22233.407453: net_dev_start_xmit:   dev=eno1d1 queue_mapping=15 skbaddr=0xffff9d37c5dfb6e8 vlan_tagged=0 vlan_proto=0x0000 vlan_tci=0x0000 protocol=0x0800 ip_summed=3 len=82 data_len=16 network_offset=14 transport_offset_valid=1 transport_offset=34 tx_flags=0 gso_size=0 gso_segs=1 gso_type=0x1
          <idle>-0     [015] 22233.407770: netif_receive_skb:    dev=eno1d1 skbaddr=0xffff9d37b4df1300 len=52
          <idle>-0     [015] 22233.408171: netif_receive_skb:    dev=eno1d1 skbaddr=0xffff9d37b4df1300 len=164
          <idle>-0     [015] 22233.452107: net_dev_start_xmit:   dev=eno1d1 queue_mapping=15 skbaddr=0xffff9d37b4df1300 vlan_tagged=0 vlan_proto=0x0000 vlan_tci=0x0000 protocol=0x0800 ip_summed=3 len=66 data_len=0 network_offset=14 transport_offset_valid=1 transport_offset=34 tx_flags=0 gso_size=0 gso_segs=1 gso_type=0x1
          <idle>-0     [015] 22233.452250: netif_receive_skb:    dev=eno1d1 skbaddr=0xffff9d37b4df1a00 len=84
          <idle>-0     [015] 22233.452268: net_dev_start_xmit:   dev=eno1d1 queue_mapping=15 skbaddr=0xffff9d37b4df0b00 vlan_tagged=0 vlan_proto=0x0000 vlan_tci=0x0000 protocol=0x0800 ip_summed=3 len=66 data_len=0 network_offset=14 transport_offset_valid=1 transport_offset=34 tx_flags=0 gso_size=0 gso_segs=1 gso_type=0x1
          owampd-17145 [015] 22233.453067: net_dev_start_xmit:   dev=eno1d1 queue_mapping=15 skbaddr=0xffff9d37c5dfb6e8 vlan_tagged=0 vlan_proto=0x0000 vlan_tci=0x0000 protocol=0x0800 ip_summed=3 len=114 data_len=0 network_offset=14 transport_offset_valid=1 transport_offset=34 tx_flags=0 gso_size=0 gso_segs=1 gso_type=0x1
          <idle>-0     [015] 22233.453810: netif_receive_skb:    dev=eno1d1 skbaddr=0xffff9d37b4df1a00 len=164
          <idle>-0     [015] 22233.496120: net_dev_start_xmit:   dev=eno1d1 queue_mapping=15 skbaddr=0xffff9d37b4df1a00 vlan_tagged=0 vlan_proto=0x0000 vlan_tci=0x0000 protocol=0x0800 ip_summed=3 len=66 data_len=0 network_offset=14 transport_offset_valid=1 transport_offset=34 tx_flags=0 gso_size=0 gso_segs=1 gso_type=0x1
          <idle>-0     [015] 22233.496254: netif_receive_skb:    dev=eno1d1 skbaddr=0xffff9d37b4df0900 len=84
          <idle>-0     [015] 22233.496274: net_dev_start_xmit:   dev=eno1d1 queue_mapping=15 skbaddr=0xffff9d37b4df0200 vlan_tagged=0 vlan_proto=0x0000 vlan_tci=0x0000 protocol=0x0800 ip_summed=3 len=66 data_len=0 network_offset=14 transport_offset_valid=1 transport_offset=34 tx_flags=0 gso_size=0 gso_segs=1 gso_type=0x1
          owampd-17145 [015] 22233.496806: net_dev_start_xmit:   dev=eno1d1 queue_mapping=15 skbaddr=0xffff9d37c5dfb6e8 vlan_tagged=0 vlan_proto=0x0000 vlan_tci=0x0000 protocol=0x0800 ip_summed=3 len=114 data_len=0 network_offset=14 transport_offset_valid=1 transport_offset=34 tx_flags=0 gso_size=0 gso_segs=1 gso_type=0x1
          <idle>-0     [015] 22233.497269: netif_receive_skb:    dev=eno1d1 skbaddr=0xffff9d37b4df0900 len=84
          owampd-17145 [015] 22233.497357: net_dev_start_xmit:   dev=eno1d1 queue_mapping=15 skbaddr=0xffff9d37c5dfb6e8 vlan_tagged=0 vlan_proto=0x0000 vlan_tci=0x0000 protocol=0x0800 ip_summed=3 len=98 data_len=0 network_offset=14 transport_offset_valid=1 transport_offset=34 tx_flags=0 gso_size=0 gso_segs=1 gso_type=0x1
          <idle>-0     [015] 22233.539406: netif_receive_skb:    dev=eno1d1 skbaddr=0xffff9d37b4df0900 len=52
          <idle>-0     [001] 22233.647504: netif_receive_skb:    dev=eno1 skbaddr=0xffff9d37ec017800 len=46
          <idle>-0     [000] 22233.882648: netif_receive_skb:    dev=eno1 skbaddr=0xffff9d37c4ea6500 len=72
          <idle>-0     [000] 22233.882720: net_dev_start_xmit:   dev=eno1 queue_mapping=0 skbaddr=0xffff9d37c4ea7100 vlan_tagged=0 vlan_proto=0x0000 vlan_tci=0x0000 protocol=0x0800 ip_summed=2 len=114 data_len=0 network_offset=14 transport_offset_valid=1 transport_offset=34 tx_flags=0 gso_size=0 gso_segs=0 gso_type=0
          <idle>-0     [001] 22233.942620: netif_receive_skb:    dev=eno1 skbaddr=0xffff9d37ec017800 len=46
          <idle>-0     [001] 22233.981448: netif_receive_skb:    dev=eno1 skbaddr=0xffff9d37ec017800 len=46
          <idle>-0     [000] 22234.037215: netif_receive_skb:    dev=eno1 skbaddr=0xffff9d37c4ea6500 len=72
          <idle>-0     [000] 22234.037262: net_dev_start_xmit:   dev=eno1 queue_mapping=0 skbaddr=0xffff9d37c4ea6600 vlan_tagged=0 vlan_proto=0x0000 vlan_tci=0x0000 protocol=0x0800 ip_summed=2 len=114 data_len=0 network_offset=14 transport_offset_valid=1 transport_offset=34 tx_flags=0 gso_size=0 gso_segs=0 gso_type=0
          <idle>-0     [000] 22234.193241: netif_receive_skb:    dev=eno1 skbaddr=0xffff9d37c4ea6500 len=544
          <idle>-0     [000] 22234.193290: net_dev_start_xmit:   dev=eno1 queue_mapping=0 skbaddr=0xffff9d37c4ea7d00 vlan_tagged=0 vlan_proto=0x0000 vlan_tci=0x0000 protocol=0x0800 ip_summed=2 len=586 data_len=0 network_offset=14 transport_offset_valid=1 transport_offset=34 tx_flags=0 gso_size=0 gso_segs=0 gso_type=0
          <idle>-0     [001] 22234.371338: netif_receive_skb:    dev=eno1 skbaddr=0xffff9d37ec017800 len=46
          <idle>-0     [001] 22234.450881: netif_receive_skb:    dev=eno1 skbaddr=0xffff9d37ec017800 len=46
          <idle>-0     [001] 22234.943274: netif_receive_skb:    dev=eno1 skbaddr=0xffff9d37ec017800 len=46
          <idle>-0     [001] 22235.216973: netif_receive_skb:    dev=eno1 skbaddr=0xffff9d37ec017800 len=105
          <idle>-0     [001] 22235.257260: netif_receive_skb:    dev=eno1 skbaddr=0xffff9d37ec017800 len=46
          <idle>-0     [000] 22235.348489: netif_receive_skb:    dev=eno1 skbaddr=0xffff9d37c4ea6500 len=544
          <idle>-0     [000] 22235.348537: net_dev_start_xmit:   dev=eno1 queue_mapping=0 skbaddr=0xffff9d37c4ea7600 vlan_tagged=0 vlan_proto=0x0000 vlan_tci=0x0000 protocol=0x0800 ip_summed=2 len=586 data_len=0 network_offset=14 transport_offset_valid=1 transport_offset=34 tx_flags=0 gso_size=0 gso_segs=0 gso_type=0
          <idle>-0     [009] 22235.534436: netif_receive_skb:    dev=eno1d1 skbaddr=0xffff9d37b6eb0d00 len=46
          owampd-17147 [009] 22235.534531: net_dev_start_xmit:   dev=eno1d1 queue_mapping=9 skbaddr=0xffff9d37b6eb1200 vlan_tagged=0 vlan_proto=0x0000 vlan_tci=0x0000 protocol=0x0800 ip_summed=3 len=56 data_len=0 network_offset=14 transport_offset_valid=1 transport_offset=34 tx_flags=0 gso_size=0 gso_segs=0 gso_type=0
          <idle>-0     [001] 22235.604201: netif_receive_skb:    dev=eno1 skbaddr=0xffff9d37ec017800 len=46
          <idle>-0     [001] 22235.644052: netif_receive_skb:    dev=eno1 skbaddr=0xffff9d37ec017800 len=46
          <idle>-0     [001] 22235.736358: netif_receive_skb:    dev=eno1 skbaddr=0xffff9d37ec017800 len=46
          <idle>-0     [001] 22235.853460: netif_receive_skb:    dev=eno1 skbaddr=0xffff9d37ec017800 len=46
          <idle>-0     [003] 22235.866034: netif_receive_skb:    dev=eno1 skbaddr=0xffff9d379b040b00 len=320
          <idle>-0     [009] 22236.534388: netif_receive_skb:    dev=eno1d1 skbaddr=0xffff9d37b6eb1200 len=46
          owampd-17147 [009] 22236.534457: net_dev_start_xmit:   dev=eno1d1 queue_mapping=9 skbaddr=0xffff9d37b6eb0200 vlan_tagged=0 vlan_proto=0x0000 vlan_tci=0x0000 protocol=0x0800 ip_summed=3 len=56 data_len=0 network_offset=14 transport_offset_valid=1 transport_offset=34 tx_flags=0 gso_size=0 gso_segs=0 gso_type=0
          <idle>-0     [001] 22236.663865: netif_receive_skb:    dev=eno1 skbaddr=0xffff9d37ec017800 len=46
          <idle>-0     [001] 22237.159063: netif_receive_skb:    dev=eno1 skbaddr=0xffff9d37ec017800 len=46
          <idle>-0     [001] 22237.216960: netif_receive_skb:    dev=eno1 skbaddr=0xffff9d37ec017800 len=105
          <idle>-0     [001] 22237.308328: netif_receive_skb:    dev=eno1 skbaddr=0xffff9d37ec017800 len=46
          <idle>-0     [009] 22237.534319: netif_receive_skb:    dev=eno1d1 skbaddr=0xffff9d37b6eb0200 len=46
          owampd-17147 [009] 22237.534406: net_dev_start_xmit:   dev=eno1d1 queue_mapping=9 skbaddr=0xffff9d37b6eb0e00 vlan_tagged=0 vlan_proto=0x0000 vlan_tci=0x0000 protocol=0x0800 ip_summed=3 len=56 data_len=0 network_offset=14 transport_offset_valid=1 transport_offset=34 tx_flags=0 gso_size=0 gso_segs=0 gso_type=0
          <idle>-0     [001] 22237.637960: netif_receive_skb:    dev=eno1 skbaddr=0xffff9d37ec017800 len=46
          <idle>-0     [001] 22237.785114: netif_receive_skb:    dev=eno1 skbaddr=0xffff9d37ec017800 len=46
          <idle>-0     [001] 22237.985510: netif_receive_skb:    dev=eno1 skbaddr=0xffff9d37ec017800 len=46
          <idle>-0     [001] 22238.038157: netif_receive_skb:    dev=eno1 skbaddr=0xffff9d37ec017800 len=46
          <idle>-0     [001] 22238.159459: netif_receive_skb:    dev=eno1 skbaddr=0xffff9d37ec017800 len=46
          <idle>-0     [015] 22238.523999: net_dev_start_xmit:   dev=eno1d1 queue_mapping=15 skbaddr=0xffff9d37b4df0900 vlan_tagged=0 vlan_proto=0x0000 vlan_tci=0x0000 protocol=0x0806 ip_summed=0 len=42 data_len=0 network_offset=14 transport_offset_valid=0 transport_offset=65533 tx_flags=0 gso_size=0 gso_segs=0 gso_type=0
          <idle>-0     [014] 22238.524133: netif_receive_skb:    dev=eno1d1 skbaddr=0xffff9d37eda48100 len=46
          <idle>-0     [009] 22238.534350: netif_receive_skb:    dev=eno1d1 skbaddr=0xffff9d37b6eb0e00 len=46
          owampd-17147 [009] 22238.534419: net_dev_start_xmit:   dev=eno1d1 queue_mapping=9 skbaddr=0xffff9d37b6eb1800 vlan_tagged=0 vlan_proto=0x0000 vlan_tci=0x0000 protocol=0x0800 ip_summed=3 len=56 data_len=0 network_offset=14 transport_offset_valid=1 transport_offset=34 tx_flags=0 gso_size=0 gso_segs=0 gso_type=0
          <idle>-0     [001] 22238.945778: netif_receive_skb:    dev=eno1 skbaddr=0xffff9d37ec017800 len=46
          <idle>-0     [003] 22238.951638: netif_receive_skb:    dev=eno1 skbaddr=0xffff9d379b040500 len=320
          <idle>-0     [001] 22239.002271: netif_receive_skb:    dev=eno1 skbaddr=0xffff9d37ec017800 len=46
          <idle>-0     [001] 22239.216921: netif_receive_skb:    dev=eno1 skbaddr=0xffff9d37ec017800 len=105
          <idle>-0     [009] 22239.534371: netif_receive_skb:    dev=eno1d1 skbaddr=0xffff9d37b6eb1800 len=46
          owampd-17147 [009] 22239.534438: net_dev_start_xmit:   dev=eno1d1 queue_mapping=9 skbaddr=0xffff9d37b6eb0300 vlan_tagged=0 vlan_proto=0x0000 vlan_tci=0x0000 protocol=0x0800 ip_summed=3 len=56 data_len=0 network_offset=14 transport_offset_valid=1 transport_offset=34 tx_flags=0 gso_size=0 gso_segs=0 gso_type=0
          <idle>-0     [001] 22239.950938: netif_receive_skb:    dev=eno1 skbaddr=0xffff9d37ec017800 len=46
          <idle>-0     [001] 22240.132182: netif_receive_skb:    dev=eno1 skbaddr=0xffff9d37ec017800 len=46
          <idle>-0     [001] 22240.305289: netif_receive_skb:    dev=eno1 skbaddr=0xffff9d37ec017800 len=46
          <idle>-0     [001] 22240.590787: netif_receive_skb:    dev=eno1 skbaddr=0xffff9d37ec017800 len=46
          <idle>-0     [003] 22240.691681: netif_receive_skb:    dev=eno1 skbaddr=0xffff9d379b040b00 len=328
          <idle>-0     [001] 22241.165749: netif_receive_skb:    dev=eno1 skbaddr=0xffff9d37ec017800 len=330
          <idle>-0     [001] 22241.216979: netif_receive_skb:    dev=eno1 skbaddr=0xffff9d37ec017800 len=105
          <idle>-0     [003] 22241.908198: netif_receive_skb:    dev=eno1 skbaddr=0xffff9d379b040500 len=321
          <idle>-0     [001] 22242.182506: netif_receive_skb:    dev=eno1 skbaddr=0xffff9d37ec017800 len=46
          <idle>-0     [001] 22242.214046: netif_receive_skb:    dev=eno1 skbaddr=0xffff9d37ec017800 len=46
          <idle>-0     [015] 22242.576794: netif_receive_skb:    dev=eno1d1 skbaddr=0xffff9d37b4df1200 len=68
          <idle>-0     [015] 22242.620042: net_dev_start_xmit:   dev=eno1d1 queue_mapping=15 skbaddr=0xffff9d37b4df1200 vlan_tagged=0 vlan_proto=0x0000 vlan_tci=0x0000 protocol=0x0800 ip_summed=3 len=66 data_len=0 network_offset=14 transport_offset_valid=1 transport_offset=34 tx_flags=0 gso_size=0 gso_segs=1 gso_type=0x1
          <idle>-0     [015] 22242.620188: netif_receive_skb:    dev=eno1d1 skbaddr=0xffff9d37b4df1700 len=100
          <idle>-0     [015] 22242.620205: net_dev_start_xmit:   dev=eno1d1 queue_mapping=15 skbaddr=0xffff9d37b4df1b00 vlan_tagged=0 vlan_proto=0x0000 vlan_tci=0x0000 protocol=0x0800 ip_summed=3 len=66 data_len=0 network_offset=14 transport_offset_valid=1 transport_offset=34 tx_flags=0 gso_size=0 gso_segs=1 gso_type=0x1
          owampd-17145 [015] 22242.620361: net_dev_start_xmit:   dev=eno1d1 queue_mapping=15 skbaddr=0xffff9d37c5df9ce8 vlan_tagged=0 vlan_proto=0x0000 vlan_tci=0x0000 protocol=0x0800 ip_summed=3 len=82 data_len=0 network_offset=14 transport_offset_valid=1 transport_offset=34 tx_flags=0 gso_size=0 gso_segs=1 gso_type=0x1
          owampd-17145 [015] 22242.620391: netif_receive_skb:    dev=eno1d1 skbaddr=0xffff9d37b4df1700 len=52
          owampd-17145 [015] 22242.620408: net_dev_start_xmit:   dev=eno1d1 queue_mapping=15 skbaddr=0xffff9d37c5dfbce8 vlan_tagged=0 vlan_proto=0x0000 vlan_tci=0x0000 protocol=0x0800 ip_summed=3 len=114 data_len=48 network_offset=14 transport_offset_valid=1 transport_offset=34 tx_flags=0 gso_size=0 gso_segs=1 gso_type=0x1
          owampd-17145 [015] 22242.620439: netif_receive_skb:    dev=eno1d1 skbaddr=0xffff9d37b4df0100 len=52
          <idle>-0     [015] 22242.624762: netif_receive_skb:    dev=eno1d1 skbaddr=0xffff9d37b4df0100 len=100
          owampd-17145 [007] 22242.626300: net_dev_start_xmit:   dev=eno1d1 queue_mapping=7 skbaddr=0xffff9d37ec5eaee8 vlan_tagged=0 vlan_proto=0x0000 vlan_tci=0x0000 protocol=0x0800 ip_summed=3 len=98 data_len=0 network_offset=14 transport_offset_valid=1 transport_offset=34 tx_flags=0 gso_size=0 gso_segs=1 gso_type=0x1
          <idle>-0     [015] 22242.667268: netif_receive_skb:    dev=eno1d1 skbaddr=0xffff9d37b4df0500 len=52
          <idle>-0     [015] 22242.667317: net_dev_start_xmit:   dev=eno1d1 queue_mapping=15 skbaddr=0xffff9d37ec5e8ce8 vlan_tagged=0 vlan_proto=0x0000 vlan_tci=0x0000 protocol=0x0800 ip_summed=3 len=370 data_len=304 network_offset=14 transport_offset_valid=1 transport_offset=34 tx_flags=0 gso_size=0 gso_segs=1 gso_type=0x1
          <idle>-0     [015] 22242.667358: netif_receive_skb:    dev=eno1d1 skbaddr=0xffff9d37b4df0500 len=52
          <idle>-0     [015] 22242.668577: netif_receive_skb:    dev=eno1d1 skbaddr=0xffff9d37b4df0500 len=52
          owampd-17145 [015] 22242.668668: net_dev_start_xmit:   dev=eno1d1 queue_mapping=15 skbaddr=0xffff9d37c5dfbce8 vlan_tagged=0 vlan_proto=0x0000 vlan_tci=0x0000 protocol=0x0800 ip_summed=3 len=66 data_len=0 network_offset=14 transport_offset_valid=1 transport_offset=34 tx_flags=0 gso_size=0 gso_segs=1 gso_type=0x1
          owampd-17145 [015] 22242.668717: netif_receive_skb:    dev=eno1d1 skbaddr=0xffff9d37b4df0500 len=52
          <idle>-0     [001] 22242.831413: netif_receive_skb:    dev=eno1 skbaddr=0xffff9d37ec017800 len=46
          <idle>-0     [001] 22242.845944: netif_receive_skb:    dev=eno1 skbaddr=0xffff9d37ec017800 len=46
          <idle>-0     [001] 22243.216882: netif_receive_skb:    dev=eno1 skbaddr=0xffff9d37ec017800 len=105
          <idle>-0     [001] 22243.318658: netif_receive_skb:    dev=eno1 skbaddr=0xffff9d37ec017800 len=46
          <idle>-0     [001] 22243.603918: netif_receive_skb:    dev=eno1 skbaddr=0xffff9d37ec017800 len=46
          <idle>-0     [001] 22243.679948: netif_receive_skb:    dev=eno1 skbaddr=0xffff9d37ec017800 len=46
          <idle>-0     [001] 22244.509159: netif_receive_skb:    dev=eno1 skbaddr=0xffff9d37ec017800 len=46
          <idle>-0     [003] 22244.557002: netif_receive_skb:    dev=eno1 skbaddr=0xffff9d379b040b00 len=320
          <idle>-0     [001] 22244.666051: netif_receive_skb:    dev=eno1 skbaddr=0xffff9d37ec017800 len=46
          <idle>-0     [001] 22244.867274: netif_receive_skb:    dev=eno1 skbaddr=0xffff9d37ec017800 len=46
          <idle>-0     [001] 22245.093260: netif_receive_skb:    dev=eno1 skbaddr=0xffff9d37ec017800 len=46
          <idle>-0     [001] 22245.216850: netif_receive_skb:    dev=eno1 skbaddr=0xffff9d37ec017800 len=105
          <idle>-0     [001] 22245.351671: netif_receive_skb:    dev=eno1 skbaddr=0xffff9d37ec017800 len=46
          <idle>-0     [003] 22245.969498: netif_receive_skb:    dev=eno1 skbaddr=0xffff9d379b040500 len=321
          <idle>-0     [008] 22245.993538: netif_receive_skb:    dev=eno1 skbaddr=0xffff9d37fedadb00 len=88
